 Bayesian distance estimator: 2019: September 24, 2019

 Reading in file "probability_controls.inp                        "
 Max Prob_SA = 0.85
 Max Prob_KD = 0.85
 Max Prob_GL = 0.85
 Max Prob_PS = 0.15
 Max Prob_PM = 0.85


 Openning input ascii file "galaxy_data_Univ.inp            "
 Comment lines follow:
 ! Galactic and Solar Motion parameters                                          
 ! for use with 2-parameter Persic "Universal" rotation curve                    
 End of Comment lines

 Galaxy model:
  Ro, a1, a2, a3:                         8.15   236.000     0.960     1.620
  Solar Motion (Uo,Vo,Wo):               10.60     10.70      7.60
  Source Peculiar Motion (Us,Vs,Ws):      0.00      0.00      0.00

 Getting Spiral arm segment data:
 

  Read file Out_lbvRBD.2019      containing 176 (l,b,v,R,beta,D) values.
       Spanning longitude range:    0.0 to  252.0 deg.

  Read file Per_lbvRBD.2019      containing 272 (l,b,v,R,beta,D) values.
       Spanning longitude range:  337.6 to  359.6 deg.
            and longitude range:    0.0 to  242.0 deg.

  Read file Loc_lbvRBD.2019      containing 143 (l,b,v,R,beta,D) values.
       Spanning longitude range:   68.0 to  270.0 deg.

  Read file CrN_lbvRBD.2019      containing  34 (l,b,v,R,beta,D) values.
       Spanning longitude range:  285.5 to  360.0 deg.

  Read file CrF_lbvRBD.2019      containing 128 (l,b,v,R,beta,D) values.
       Spanning longitude range:  285.5 to  346.6 deg.

  Read file SgN_lbvRBD.2019      containing  53 (l,b,v,R,beta,D) values.
       Spanning longitude range:    0.0 to   50.6 deg.

  Read file SgF_lbvRBD.2019      containing  98 (l,b,v,R,beta,D) values.
       Spanning longitude range:  345.8 to  359.7 deg.
            and longitude range:    0.0 to   50.8 deg.

  Read file CtN_lbvRBD.2019      containing  57 (l,b,v,R,beta,D) values.
       Spanning longitude range:  306.5 to  359.5 deg.

  Read file CtF_lbvRBD.2019      containing  86 (l,b,v,R,beta,D) values.
       Spanning longitude range:  306.5 to  360.0 deg.

  Read file ScN_lbvRBD.2019      containing  51 (l,b,v,R,beta,D) values.
       Spanning longitude range:    0.0 to   32.9 deg.

  Read file ScF_lbvRBD.2019      containing  27 (l,b,v,R,beta,D) values.
       Spanning longitude range:   25.0 to   33.0 deg.

  Read file OSC_lbvRBD.2019      containing 164 (l,b,v,R,beta,D) values.
       Spanning longitude range:    1.0 to  164.0 deg.

  Read file N1N_lbvRBD.2019      containing  42 (l,b,v,R,beta,D) values.
       Spanning longitude range:    0.0 to   26.1 deg.

  Read file N1F_lbvRBD.2019      containing   7 (l,b,v,R,beta,D) values.
       Spanning longitude range:   25.9 to   26.1 deg.

  Read file N4N_lbvRBD.2019      containing  45 (l,b,v,R,beta,D) values.
       Spanning longitude range:  326.7 to  359.0 deg.

  Read file N4F_lbvRBD.2019      containing  67 (l,b,v,R,beta,D) values.
       Spanning longitude range:  326.7 to  359.5 deg.

  Read file 3kN_lbvRBD.2019      containing 104 (l,b,v,R,beta,D) values.
       Spanning longitude range:    0.1 to   13.0 deg.
            and longitude range:  337.1 to  359.0 deg.

  Read file 3kF_lbvRBD.2019      containing  36 (l,b,v,R,beta,D) values.
       Spanning longitude range:    0.1 to   22.8 deg.
            and longitude range:  350.0 to  359.0 deg.
  Reversing array order to enforce CCW azimuths

  Read file AqS_lbvRBD.2019      containing  13 (l,b,v,R,beta,D) values.
       Spanning longitude range:   34.6 to   40.3 deg.

  Read file CnN_lbvRBD.2019      containing  10 (l,b,v,R,beta,D) values.
       Spanning longitude range:    2.0 to   11.0 deg.

  Read file CnX_lbvRBD.2019      containing   6 (l,b,v,R,beta,D) values.
       Spanning longitude range:    8.0 to   13.0 deg.

  Read file AqR_lbvRBD.2019      containing  26 (l,b,v,R,beta,D) values.
       Spanning longitude range:   17.0 to   42.0 deg.
  Reversing array order to enforce CCW azimuths

  Read file LoS_lbvRBD.2019      containing  13 (l,b,v,R,beta,D) values.
       Spanning longitude range:   53.0 to   65.0 deg.

 Openning input ascii file "parallax_data.inp               "
 Comment lines follow:
 ! Source        Arm    Long. (deg) Lat.    Vlsr (kms) +/-    Parallax (mas) +/- 
 End of Comment lines

  Read in 173 sources with measured parallaxes

 Openning input ascii file "sources_info.inp                "
 Comment lines follow:
 !  Source         Long    Lat    Vlsr  +/-   P(far) Extra info (not used)       
 !                 (deg)  (deg)  (km/s)                                          
 End of Comment lines

! Parallax-based distance estimator: Version 2
!                             --------- 1st Peak --------      -------- 2nd Peak ---------       
! Long.   Lat.   Vlsr  +/-    Dist.  +/-  Integrated  Arm      Dist.  +/-  Integrated  Arm
! (deg)  (deg)  (km/s)        (kpc)       Probability          (kpc)       Probability          
  10.00  -0.25  -10.0  5.0    4.82   0.23    0.73     3kN      3.88   0.28    0.12     N1N  
  20.00  -0.22   68.0  5.0    4.14   0.50    1.00     N1N      0.00   0.00    0.00     ...  
  30.00  -0.03   99.0  5.0    7.11   0.80    0.50     ScF      7.90   0.40    0.26     ScF  
  40.00   1.20   34.0  5.0    2.52   0.41    0.63     SgN      1.93   0.07    0.37     ...  
  50.00   0.47   10.0  5.0    9.70   0.39    1.00     Per      0.00   0.00    0.00     ...  
  60.00   1.68  -66.0  5.0   11.36   0.51    0.81     Out     13.50   1.33    0.19     ...  
  70.00   3.09 -110.0  5.0   14.76   0.62    1.00     OSC      0.00   0.00    0.00     ...  
  80.00   0.34    1.0  5.0    2.37   0.44    0.78     Loc      1.62   0.09    0.22     ...  
 100.00   0.51  -49.0  5.0    3.69   0.34    0.93     Per      5.45   0.49    0.07     ...  
 120.00   1.54  -91.0  5.0    5.76   0.50    0.51     Out     10.07   0.75    0.49     OSC  
 140.00   0.15  -87.0  5.0    9.71   0.67    0.95     OSC      4.90   0.42    0.05     Out  
 160.00  -4.82   -1.0  5.0    0.45   0.16    0.82     Loc      0.28   0.01    0.18     ...  
 180.00  -0.05  -10.0  5.0    4.39   0.49    0.70     Out      2.06   0.42    0.17     Per  
 200.00  -0.10   20.0  5.0    4.61   0.51    0.90     Out      0.42   0.01    0.10     Loc  
 230.00   0.14   50.0  5.0    3.45   0.47    0.82     Per      6.00   0.52    0.10     Out  
 270.00  -0.76    0.1  5.0    3.85   0.33    0.75     Loc      1.33   2.62    0.25     ...  
 310.00  -0.01  -19.0  5.0    8.93   0.65    0.95     CtF      1.52   0.24    0.05     CrN  
 330.00   0.10  -73.0  5.0    9.74   0.43    0.65     N4F      9.02   0.68    0.21     N4F  
 340.00  -0.00 -122.0  5.0    8.84   0.43    0.75     3kN      5.74   0.31    0.25     3kN  
 350.00   0.05   14.0  5.0   10.46   0.26    0.75     3kF     17.55   0.46    0.25     CtF  
 359.00  -0.13  -26.0  5.0    3.75   0.26    0.58     N4N      6.12   2.54    0.23     ...  
